d:\documents\workspace\alpha2048\alpha2048\debug\alpha2048.pch
d:\documents\workspace\alpha2048\alpha2048\debug\vc142.pdb
d:\documents\workspace\alpha2048\alpha2048\debug\vc142.idb
d:\documents\workspace\alpha2048\alpha2048\debug\pch.obj
d:\documents\workspace\alpha2048\alpha2048\debug\myrect.obj
d:\documents\workspace\alpha2048\alpha2048\debug\alpha2048info.obj
d:\documents\workspace\alpha2048\alpha2048\debug\alpha2048game.obj
d:\documents\workspace\alpha2048\alpha2048\debug\alpha2048dlg.obj
d:\documents\workspace\alpha2048\alpha2048\debug\alpha2048.obj
d:\documents\workspace\alpha2048\debug\alpha2048.ilk
d:\documents\workspace\alpha2048\debug\alpha2048.exe
d:\documents\workspace\alpha2048\debug\alpha2048.pdb
d:\documents\workspace\alpha2048\alpha2048\debug\alpha2048.res
d:\documents\workspace\alpha2048\alpha2048\debug\alpha2048.tlog\cl.command.1.tlog
d:\documents\workspace\alpha2048\alpha2048\debug\alpha2048.tlog\cl.read.1.tlog
d:\documents\workspace\alpha2048\alpha2048\debug\alpha2048.tlog\cl.write.1.tlog
d:\documents\workspace\alpha2048\alpha2048\debug\alpha2048.tlog\link.command.1.tlog
d:\documents\workspace\alpha2048\alpha2048\debug\alpha2048.tlog\link.read.1.tlog
d:\documents\workspace\alpha2048\alpha2048\debug\alpha2048.tlog\link.write.1.tlog
d:\documents\workspace\alpha2048\alpha2048\debug\alpha2048.tlog\rc.command.1.tlog
d:\documents\workspace\alpha2048\alpha2048\debug\alpha2048.tlog\rc.read.1.tlog
d:\documents\workspace\alpha2048\alpha2048\debug\alpha2048.tlog\rc.write.1.tlog
